<?xml version="1.0" encoding="UTF-8"?>
<!-- Generated by org.testng.reporters.JUnitXMLReporter -->
<testsuite ignored="1" hostname="LAPTOP-8G6M48C6" failures="0" tests="8" name="Test" time="0.062" errors="0" timestamp="09 Sep 2021 20:10:53 GMT">
  <testcase classname="org.testng.TestNgPractise" name="tc01" time="0.001"/>
  <testcase classname="org.testng.TestNgPractise" name="tc01" time="0.001"/>
  <testcase classname="org.testng.TestNgPractise" name="tc01" time="0.002"/>
  <testcase classname="org.testng.TestNgPractise" name="tc01" time="0.002"/>
  <testcase classname="org.testng.TestNgPractise" name="tc01" time="0.001"/>
  <testcase classname="org.testng.TestNgPractise" name="tc00" time="0.002"/>
  <testcase classname="org.testng.TestNgPractise" name="tc03" time="0.001">
    <skipped/>
  </testcase> <!-- tc03 -->
  <testcase classname="org.testng.TestNgPractise" name="tc04" time="0.01"/>
  <testcase classname="org.testng.TestNgPractise" name="tc02" time="0.0">
    <ignored/>
  </testcase> <!-- tc02 -->
</testsuite> <!-- Test -->
