<?xml version="1.0" encoding="UTF-8"?>
<!-- Generated by org.testng.reporters.JUnitXMLReporter -->
<testsuite ignored="0" hostname="LAPTOP-8G6M48C6" failures="0" tests="9" name="Test" time="0.026" errors="0" timestamp="09 Sep 2021 20:07:56 GMT">
  <testcase classname="org.testng.TestNgPractise2" name="tc00" time="0.001"/>
  <testcase classname="org.testng.TestNgPractise2" name="tc01" time="0.001"/>
  <testcase classname="org.testng.TestNgPractise2" name="tc02" time="0.003"/>
  <testcase classname="org.testng.TestNgPractise2" name="tc03" time="0.001"/>
  <testcase classname="org.testng.TestNgPractise2" name="tc04" time="0.001"/>
  <testcase classname="org.testng.TestNgPractise2" name="tc05" time="0.001"/>
  <testcase classname="org.testng.TestNgPractise2" name="tc06" time="0.003"/>
  <testcase classname="org.testng.TestNgPractise2" name="tc07" time="0.001"/>
  <testcase classname="org.testng.TestNgPractise2" name="tc08" time="0.001"/>
</testsuite> <!-- Test -->
