<?xml version="1.0" encoding="UTF-8"?>
<!-- Generated by org.testng.reporters.JUnitXMLReporter -->
<testsuite ignored="5" hostname="LAPTOP-8G6M48C6" failures="0" tests="4" name="GRP-Regression" time="0.074" errors="0" timestamp="09 Sep 2021 15:45:45 GMT">
  <testcase classname="org.testng.TestngGroups" name="tc00" time="0.015"/>
  <testcase classname="org.testng.TestngGroups" name="tc01" time="0.003"/>
  <testcase classname="org.testng.TestngGroups" name="tc06" time="0.003"/>
  <testcase classname="org.testng.TestngGroups" name="tc08" time="0.003"/>
  <testcase classname="org.testng.TestngGroups" name="tc07" time="0.0">
    <ignored/>
  </testcase> <!-- tc07 -->
  <testcase classname="org.testng.TestngGroups" name="tc05" time="0.0">
    <ignored/>
  </testcase> <!-- tc05 -->
  <testcase classname="org.testng.TestngGroups" name="tc04" time="0.0">
    <ignored/>
  </testcase> <!-- tc04 -->
  <testcase classname="org.testng.TestngGroups" name="tc03" time="0.0">
    <ignored/>
  </testcase> <!-- tc03 -->
  <testcase classname="org.testng.TestngGroups" name="tc02" time="0.0">
    <ignored/>
  </testcase> <!-- tc02 -->
</testsuite> <!-- GRP-Regression -->
