<?xml version="1.0" encoding="UTF-8"?>
<!-- Generated by org.testng.reporters.JUnitXMLReporter -->
<testsuite ignored="0" hostname="LAPTOP-8G6M48C6" failures="0" tests="9" name=" Practise Test" time="0.083" errors="0" timestamp="09 Sep 2021 20:10:53 GMT">
  <testcase classname="org.testng.TestngGroups" name="tc00" time="0.01"/>
  <testcase classname="org.testng.TestngGroups" name="tc01" time="0.002"/>
  <testcase classname="org.testng.TestngGroups" name="tc02" time="0.002"/>
  <testcase classname="org.testng.TestngGroups" name="tc03" time="0.001"/>
  <testcase classname="org.testng.TestngGroups" name="tc04" time="0.004"/>
  <testcase classname="org.testng.TestngGroups" name="tc05" time="0.004"/>
  <testcase classname="org.testng.TestngGroups" name="tc06" time="0.001"/>
  <testcase classname="org.testng.TestngGroups" name="tc07" time="0.001"/>
  <testcase classname="org.testng.TestngGroups" name="tc08" time="0.002"/>
</testsuite> <!--  Practise Test -->
